#
# There is insufficient memory for the Java Runtime Environment to continue.
# Native memory allocation (malloc) failed to allocate 1259824 bytes. Error detail: Chunk::new
# Possible reasons:
#   The system is out of physical RAM or swap space
#   This process is running with CompressedOops enabled, and the Java Heap may be blocking the growth of the native heap
# Possible solutions:
#   Reduce memory load on the system
#   Increase physical memory or swap space
#   Check if swap backing store is full
#   Decrease Java heap size (-Xmx/-Xms)
#   Decrease number of Java threads
#   Decrease Java thread stack sizes (-Xss)
#   Set larger code cache with -XX:ReservedCodeCacheSize=
#   JVM is running with Unscaled Compressed Oops mode in which the Java heap is
#     placed in the first 4GB address space. The Java Heap base address is the
#     maximum limit for the native heap growth. Please use -XX:HeapBaseMinAddress
#     to set the Java Heap base and to place the Java Heap above 4GB virtual address.
# This output file may be truncated or incomplete.
#
#  Out of Memory Error (arena.cpp:168), pid=10816, tid=21772
#
# JRE version: OpenJDK Runtime Environment Temurin-21.0.8+9 (21.0.8+9) (build 21.0.8+9-LTS)
# Java VM: OpenJDK 64-Bit Server VM Temurin-21.0.8+9 (21.0.8+9-LTS, mixed mode, sharing, tiered, compressed oops, compressed class ptrs, parallel gc, windows-amd64)
# No core dump will be written. Minidumps are not enabled by default on client versions of Windows
#

---------------  S U M M A R Y ------------

Command Line: --add-modules=ALL-SYSTEM --add-opens=java.base/java.util=ALL-UNNAMED --add-opens=java.base/java.lang=ALL-UNNAMED --add-opens=java.base/sun.nio.fs=ALL-UNNAMED -Declipse.application=org.eclipse.jdt.ls.core.id1 -Dosgi.bundles.defaultStartLevel=4 -Declipse.product=org.eclipse.jdt.ls.core.product -Djava.import.generatesMetadataFilesAtProjectRoot=false -DDetectVMInstallationsJob.disabled=true -Dfile.encoding=utf8 -XX:+UseParallelGC -XX:GCTimeRatio=4 -XX:AdaptiveSizePolicyWeight=90 -Dsun.zip.disableMemoryMapping=true -Xmx2G -Xms100m -Xlog:disable -javaagent:c:\Users\lenovo\.vscode\extensions\redhat.java-1.47.0-win32-x64\lombok\lombok-1.18.39-4050.jar -XX:+HeapDumpOnOutOfMemoryError -XX:HeapDumpPath=c:\Users\lenovo\AppData\Roaming\Code\User\workspaceStorage\37a2484355d80f0849324906869140cf\redhat.java -Daether.dependencyCollector.impl=bf c:\Users\lenovo\.vscode\extensions\redhat.java-1.47.0-win32-x64\server\plugins\org.eclipse.equinox.launcher_1.7.100.v20251014-1222.jar -configuration c:\Users\lenovo\AppData\Roaming\Code\User\globalStorage\redhat.java\1.47.0\config_win -data c:\Users\lenovo\AppData\Roaming\Code\User\workspaceStorage\37a2484355d80f0849324906869140cf\redhat.java\jdt_ws --pipe=\\.\pipe\lsp-485012b23a97662d129f754c737256a1-sock

Host: 11th Gen Intel(R) Core(TM) i5-1145G7 @ 2.60GHz, 8 cores, 15G,  Windows 11 , 64 bit Build 22621 (10.0.22621.5415)
Time: Mon Nov  3 01:17:22 2025 elapsed time: 4.662114 seconds (0d 0h 0m 4s)

---------------  T H R E A D  ---------------

Current thread (0x00000237fc6ba4f0):  JavaThread "C2 CompilerThread2" daemon [_thread_in_native, id=21772, stack(0x0000008c60200000,0x0000008c60300000) (1024K)]


Current CompileTask:
C2:4662 4546       4       org.eclipse.osgi.internal.serviceregistry.ServiceRegistry::notifyHooksPrivileged (57 bytes)

Stack: [0x0000008c60200000,0x0000008c60300000]
Native frames: (J=compiled Java code, j=interpreted, Vv=VM code, C=native code)
V  [jvm.dll+0x6d2449]
V  [jvm.dll+0x8ae341]
V  [jvm.dll+0x8b08be]
V  [jvm.dll+0x8b0fa3]
V  [jvm.dll+0x280c96]
V  [jvm.dll+0xc581d]
V  [jvm.dll+0xc5d53]
V  [jvm.dll+0x3b919c]
V  [jvm.dll+0x385315]
V  [jvm.dll+0x38477a]
V  [jvm.dll+0x248ed0]
V  [jvm.dll+0x2484af]
V  [jvm.dll+0x1c89ee]
V  [jvm.dll+0x257d4d]
V  [jvm.dll+0x2562ea]
V  [jvm.dll+0x3f2d16]
V  [jvm.dll+0x857e6b]
V  [jvm.dll+0x6d0b0d]
C  [ucrtbase.dll+0x29333]
C  [KERNEL32.DLL+0x1259d]
C  [ntdll.dll+0x5af78]


---------------  P R O C E S S  ---------------

Threads class SMR info:
_java_thread_list=0x00000237fc1917f0, length=26, elements={
0x000002379dea92e0, 0x00000237b4909f80, 0x00000237b490a840, 0x00000237b490bfb0,
0x00000237b490cec0, 0x00000237b4910d00, 0x00000237b4912340, 0x00000237b49243a0,
0x00000237b49282b0, 0x000002379df16280, 0x00000237f75a4e80, 0x00000237f7cfa090,
0x00000237f7cdcfe0, 0x00000237f7dd5510, 0x00000237f7dd5f40, 0x00000237fc7750b0,
0x00000237fc0bac50, 0x00000237fc21ff60, 0x00000237fc0a6c60, 0x00000237fc6ba4f0,
0x00000237fc0a8010, 0x00000237fc0a7980, 0x00000237fc0a86a0, 0x00000237fc0a93c0,
0x00000237fc0a9a50, 0x00000237fea1e8c0
}

Java Threads: ( => current thread )
  0x000002379dea92e0 JavaThread "main"                              [_thread_blocked, id=13528, stack(0x0000008c5e500000,0x0000008c5e600000) (1024K)]
  0x00000237b4909f80 JavaThread "Reference Handler"          daemon [_thread_blocked, id=28188, stack(0x0000008c5e900000,0x0000008c5ea00000) (1024K)]
  0x00000237b490a840 JavaThread "Finalizer"                  daemon [_thread_blocked, id=25756, stack(0x0000008c5ea00000,0x0000008c5eb00000) (1024K)]
  0x00000237b490bfb0 JavaThread "Signal Dispatcher"          daemon [_thread_blocked, id=24728, stack(0x0000008c5eb00000,0x0000008c5ec00000) (1024K)]
  0x00000237b490cec0 JavaThread "Attach Listener"            daemon [_thread_blocked, id=17344, stack(0x0000008c5ec00000,0x0000008c5ed00000) (1024K)]
  0x00000237b4910d00 JavaThread "Service Thread"             daemon [_thread_blocked, id=628, stack(0x0000008c5ed00000,0x0000008c5ee00000) (1024K)]
  0x00000237b4912340 JavaThread "Monitor Deflation Thread"   daemon [_thread_blocked, id=24004, stack(0x0000008c5ee00000,0x0000008c5ef00000) (1024K)]
  0x00000237b49243a0 JavaThread "C2 CompilerThread0"         daemon [_thread_in_native, id=12624, stack(0x0000008c5ef00000,0x0000008c5f000000) (1024K)]
  0x00000237b49282b0 JavaThread "C1 CompilerThread0"         daemon [_thread_in_vm, id=29024, stack(0x0000008c5f000000,0x0000008c5f100000) (1024K)]
  0x000002379df16280 JavaThread "Common-Cleaner"             daemon [_thread_blocked, id=11468, stack(0x0000008c5f100000,0x0000008c5f200000) (1024K)]
  0x00000237f75a4e80 JavaThread "Notification Thread"        daemon [_thread_blocked, id=24960, stack(0x0000008c5f300000,0x0000008c5f400000) (1024K)]
  0x00000237f7cfa090 JavaThread "Active Thread: Equinox Container: 6a01cc6e-4821-4b86-a32c-f0b62191af56"        [_thread_blocked, id=18388, stack(0x0000008c5fb00000,0x0000008c5fc00000) (1024K)]
  0x00000237f7cdcfe0 JavaThread "Refresh Thread: Equinox Container: 6a01cc6e-4821-4b86-a32c-f0b62191af56" daemon [_thread_blocked, id=11044, stack(0x0000008c5fc00000,0x0000008c5fd00000) (1024K)]
  0x00000237f7dd5510 JavaThread "Framework Event Dispatcher: Equinox Container: 6a01cc6e-4821-4b86-a32c-f0b62191af56" daemon [_thread_blocked, id=18196, stack(0x0000008c5fe00000,0x0000008c5ff00000) (1024K)]
  0x00000237f7dd5f40 JavaThread "Start Level: Equinox Container: 6a01cc6e-4821-4b86-a32c-f0b62191af56" daemon [_thread_in_vm, id=26272, stack(0x0000008c5ff00000,0x0000008c60000000) (1024K)]
  0x00000237fc7750b0 JavaThread "Bundle File Closer"         daemon [_thread_blocked, id=10316, stack(0x0000008c60000000,0x0000008c60100000) (1024K)]
  0x00000237fc0bac50 JavaThread "SCR Component Actor"        daemon [_thread_blocked, id=23604, stack(0x0000008c5f200000,0x0000008c5f300000) (1024K)]
  0x00000237fc21ff60 JavaThread "C2 CompilerThread1"         daemon [_thread_in_native, id=5576, stack(0x0000008c5f400000,0x0000008c5f500000) (1024K)]
  0x00000237fc0a6c60 JavaThread "Worker-JM"                         [_thread_blocked, id=11576, stack(0x0000008c60100000,0x0000008c60200000) (1024K)]
=>0x00000237fc6ba4f0 JavaThread "C2 CompilerThread2"         daemon [_thread_in_native, id=21772, stack(0x0000008c60200000,0x0000008c60300000) (1024K)]
  0x00000237fc0a8010 JavaThread "JNA Cleaner"                daemon [_thread_blocked, id=12484, stack(0x0000008c60300000,0x0000008c60400000) (1024K)]
  0x00000237fc0a7980 JavaThread "Worker-0"                          [_thread_blocked, id=14544, stack(0x0000008c60400000,0x0000008c60500000) (1024K)]
  0x00000237fc0a86a0 JavaThread "Worker-1: Building"                [_thread_in_Java, id=19192, stack(0x0000008c60500000,0x0000008c60600000) (1024K)]
  0x00000237fc0a93c0 JavaThread "Worker-2: Processing Java changes since last activation"        [_thread_blocked, id=14964, stack(0x0000008c60600000,0x0000008c60700000) (1024K)]
  0x00000237fc0a9a50 JavaThread "Java indexing"              daemon [_thread_blocked, id=26120, stack(0x0000008c60700000,0x0000008c60800000) (1024K)]
  0x00000237fea1e8c0 JavaThread "Worker-3"                          [_thread_blocked, id=29316, stack(0x0000008c60800000,0x0000008c60900000) (1024K)]
Total: 26

Other Threads:
  0x000002379df4a140 VMThread "VM Thread"                           [id=20932, stack(0x0000008c5e800000,0x0000008c5e900000) (1024K)]
  0x000002379df15590 WatcherThread "VM Periodic Task Thread"        [id=12472, stack(0x0000008c5e700000,0x0000008c5e800000) (1024K)]
  0x000002379dec7460 WorkerThread "GC Thread#0"                     [id=26324, stack(0x0000008c5e600000,0x0000008c5e700000) (1024K)]
  0x00000237fc1138a0 WorkerThread "GC Thread#1"                     [id=19504, stack(0x0000008c5f500000,0x0000008c5f600000) (1024K)]
  0x00000237fc0488c0 WorkerThread "GC Thread#2"                     [id=18240, stack(0x0000008c5f600000,0x0000008c5f700000) (1024K)]
  0x00000237fc113c40 WorkerThread "GC Thread#3"                     [id=27212, stack(0x0000008c5f700000,0x0000008c5f800000) (1024K)]
  0x00000237fc113fe0 WorkerThread "GC Thread#4"                     [id=12700, stack(0x0000008c5f800000,0x0000008c5f900000) (1024K)]
  0x00000237fc114380 WorkerThread "GC Thread#5"                     [id=20432, stack(0x0000008c5f900000,0x0000008c5fa00000) (1024K)]
  0x00000237f7994f90 WorkerThread "GC Thread#6"                     [id=26536, stack(0x0000008c5fa00000,0x0000008c5fb00000) (1024K)]
  0x00000237fc037dc0 WorkerThread "GC Thread#7"                     [id=26292, stack(0x0000008c5fd00000,0x0000008c5fe00000) (1024K)]
Total: 10

Threads with active compile tasks:
C2 CompilerThread0  4693 4683       4       java.util.TreeMap::put (221 bytes)
C1 CompilerThread0  4693 4713   !   3       java.lang.invoke.InnerClassLambdaMetafactory::generateInnerClass (506 bytes)
C2 CompilerThread1  4693 4340       4       org.lombokweb.asm.ClassReader::readMethod (1070 bytes)
C2 CompilerThread2  4693 4546       4       org.eclipse.osgi.internal.serviceregistry.ServiceRegistry::notifyHooksPrivileged (57 bytes)
Total: 4

VM state: not at safepoint (normal execution)

VM Mutex/Monitor currently owned by a thread: None

Heap address: 0x0000000080000000, size: 2048 MB, Compressed Oops mode: 32-bit

CDS archive(s) mapped at: [0x00000237b5000000-0x00000237b5ba0000-0x00000237b5ba0000), size 12189696, SharedBaseAddress: 0x00000237b5000000, ArchiveRelocationMode: 1.
Compressed class space mapped at: 0x00000237b6000000-0x00000237f6000000, reserved size: 1073741824
Narrow klass base: 0x00000237b5000000, Narrow klass shift: 0, Narrow klass range: 0x100000000

GC Precious Log:
 CardTable entry size: 512
 CPUs: 8 total, 8 available
 Memory: 16087M
 Large Page Support: Disabled
 NUMA Support: Disabled
 Compressed Oops: Enabled (32-bit)
 Alignments: Space 512K, Generation 512K, Heap 2M
 Heap Min Capacity: 100M
 Heap Initial Capacity: 100M
 Heap Max Capacity: 2G
 Pre-touch: Disabled
 Parallel Workers: 8

Heap:
 PSYoungGen      total 25088K, used 23398K [0x00000000d5580000, 0x00000000d7280000, 0x0000000100000000)
  eden space 23040K, 94% used [0x00000000d5580000,0x00000000d6ab2c20,0x00000000d6c00000)
  from space 2048K, 82% used [0x00000000d7080000,0x00000000d7226da0,0x00000000d7280000)
  to   space 2048K, 0% used [0x00000000d6e80000,0x00000000d6e80000,0x00000000d7080000)
 ParOldGen       total 68608K, used 14376K [0x0000000080000000, 0x0000000084300000, 0x00000000d5580000)
  object space 68608K, 20% used [0x0000000080000000,0x0000000080e0a058,0x0000000084300000)
 Metaspace       used 30886K, committed 31936K, reserved 1114112K
  class space    used 3064K, committed 3520K, reserved 1048576K

Card table byte_map: [0x000002379d860000,0x000002379dc70000] _byte_map_base: 0x000002379d460000

Marking Bits: (ParMarkBitMap*) 0x00007ff85069a340
 Begin Bits: [0x00000237b0340000, 0x00000237b2340000)
 End Bits:   [0x00000237b2340000, 0x00000237b4340000)

Polling page: 0x000002379bd60000

Metaspace:

Usage:
  Non-class:     27.17 MB used.
      Class:      2.99 MB used.
       Both:     30.16 MB used.

Virtual space:
  Non-class space:       64.00 MB reserved,      27.75 MB ( 43%) committed,  1 nodes.
      Class space:        1.00 GB reserved,       3.44 MB ( <1%) committed,  1 nodes.
             Both:        1.06 GB reserved,      31.19 MB (  3%) committed. 

Chunk freelists:
   Non-Class:  3.94 MB
       Class:  12.60 MB
        Both:  16.53 MB

MaxMetaspaceSize: unlimited
CompressedClassSpaceSize: 1.00 GB
Initial GC threshold: 21.00 MB
Current GC threshold: 35.00 MB
CDS: on
 - commit_granule_bytes: 65536.
 - commit_granule_words: 8192.
 - virtual_space_node_default_size: 8388608.
 - enlarge_chunks_in_place: 1.
 - use_allocation_guard: 0.


Internal statistics:

num_allocs_failed_limit: 3.
num_arena_births: 848.
num_arena_deaths: 14.
num_vsnodes_births: 2.
num_vsnodes_deaths: 0.
num_space_committed: 499.
num_space_uncommitted: 0.
num_chunks_returned_to_freelist: 17.
num_chunks_taken_from_freelist: 2166.
num_chunk_merges: 4.
num_chunk_splits: 1353.
num_chunks_enlarged: 786.
num_inconsistent_stats: 0.

CodeHeap 'non-profiled nmethods': size=120000Kb used=2285Kb max_used=2285Kb free=117715Kb
 bounds [0x00000237a8b60000, 0x00000237a8dd0000, 0x00000237b0090000]
CodeHeap 'profiled nmethods': size=120000Kb used=9719Kb max_used=9719Kb free=110280Kb
 bounds [0x00000237a1090000, 0x00000237a1a10000, 0x00000237a85c0000]
CodeHeap 'non-nmethods': size=5760Kb used=1352Kb max_used=1375Kb free=4407Kb
 bounds [0x00000237a85c0000, 0x00000237a8830000, 0x00000237a8b60000]
CodeCache: size=245760Kb, used=13356Kb, max_used=13379Kb, free=232402Kb
 total_blobs=5335, nmethods=4698, adapters=543, full_count=0
Compilation: enabled, stopped_count=0, restarted_count=0

Compilation events (20 events):
Event: 4.654 Thread 0x00000237b49282b0 nmethod 4670 0x00000237a19fd910 code [0x00000237a19fdaa0, 0x00000237a19fdbb8]
Event: 4.654 Thread 0x00000237b49282b0 4669       1       java.lang.reflect.Constructor::getRoot (5 bytes)
Event: 4.655 Thread 0x00000237b49282b0 nmethod 4669 0x00000237a8d95810 code [0x00000237a8d959a0, 0x00000237a8d95a68]
Event: 4.655 Thread 0x00000237b49282b0 4671       3       java.util.TreeMap::rotateRight (96 bytes)
Event: 4.655 Thread 0x00000237b49282b0 nmethod 4671 0x00000237a19fdc90 code [0x00000237a19fde40, 0x00000237a19fe130]
Event: 4.655 Thread 0x00000237b49282b0 4672   !   3       java.security.AccessController::doPrivileged (22 bytes)
Event: 4.656 Thread 0x00000237b49282b0 nmethod 4672 0x00000237a19fe290 code [0x00000237a19fe480, 0x00000237a19fe928]
Event: 4.656 Thread 0x00000237b49282b0 4675   !   3       sun.nio.cs.ext.AbstractCharsetProvider::charset (84 bytes)
Event: 4.656 Thread 0x00000237b49282b0 nmethod 4675 0x00000237a19feb90 code [0x00000237a19feda0, 0x00000237a19ff3c0]
Event: 4.656 Thread 0x00000237b49282b0 4676       3       java.util.TreeMap::clear (21 bytes)
Event: 4.656 Thread 0x00000237b49282b0 nmethod 4676 0x00000237a19ff710 code [0x00000237a19ff8a0, 0x00000237a19ff9d8]
Event: 4.657 Thread 0x00000237b49282b0 4677       3       java.nio.ByteOrder::nativeOrder (4 bytes)
Event: 4.657 Thread 0x00000237b49282b0 nmethod 4677 0x00000237a19ffa90 code [0x00000237a19ffc20, 0x00000237a19ffd18]
Event: 4.657 Thread 0x00000237b49282b0 4678       3       java.lang.Class::getConstructor0 (83 bytes)
Event: 4.658 Thread 0x00000237b49282b0 nmethod 4678 0x00000237a19ffd90 code [0x00000237a1a00020, 0x00000237a1a00a58]
Event: 4.658 Thread 0x00000237b49282b0 4679       3       java.nio.charset.Charset::checkName (157 bytes)
Event: 4.659 Thread 0x00000237b49282b0 nmethod 4679 0x00000237a1a00f10 code [0x00000237a1a011a0, 0x00000237a1a01e38]
Event: 4.660 Thread 0x00000237b49282b0 4680       3       java.util.ImmutableCollections$ListItr::hasNext (17 bytes)
Event: 4.660 Thread 0x00000237b49282b0 nmethod 4680 0x00000237a1a02290 code [0x00000237a1a02420, 0x00000237a1a02588]
Event: 4.660 Thread 0x00000237b49282b0 4681       3       java.lang.Class$ReflectionData::<init> (10 bytes)

GC Heap History (20 events):
Event: 1.200 GC heap before
{Heap before GC invocations=2 (full 0):
 PSYoungGen      total 29696K, used 28903K [0x00000000d5580000, 0x00000000d7680000, 0x0000000100000000)
  eden space 25600K, 100% used [0x00000000d5580000,0x00000000d6e80000,0x00000000d6e80000)
  from space 4096K, 80% used [0x00000000d6e80000,0x00000000d71b9e98,0x00000000d7280000)
  to   space 4096K, 0% used [0x00000000d7280000,0x00000000d7280000,0x00000000d7680000)
 ParOldGen       total 68608K, used 16K [0x0000000080000000, 0x0000000084300000, 0x00000000d5580000)
  object space 68608K, 0% used [0x0000000080000000,0x0000000080004000,0x0000000084300000)
 Metaspace       used 7985K, committed 8256K, reserved 1114112K
  class space    used 841K, committed 960K, reserved 1048576K
}
Event: 1.205 GC heap after
{Heap after GC invocations=2 (full 0):
 PSYoungGen      total 29696K, used 4086K [0x00000000d5580000, 0x00000000d7680000, 0x0000000100000000)
  eden space 25600K, 0% used [0x00000000d5580000,0x00000000d5580000,0x00000000d6e80000)
  from space 4096K, 99% used [0x00000000d7280000,0x00000000d767d810,0x00000000d7680000)
  to   space 4096K, 0% used [0x00000000d6e80000,0x00000000d6e80000,0x00000000d7280000)
 ParOldGen       total 68608K, used 1703K [0x0000000080000000, 0x0000000084300000, 0x00000000d5580000)
  object space 68608K, 2% used [0x0000000080000000,0x00000000801a9f20,0x0000000084300000)
 Metaspace       used 7985K, committed 8256K, reserved 1114112K
  class space    used 841K, committed 960K, reserved 1048576K
}
Event: 1.520 GC heap before
{Heap before GC invocations=3 (full 0):
 PSYoungGen      total 29696K, used 29660K [0x00000000d5580000, 0x00000000d7680000, 0x0000000100000000)
  eden space 25600K, 99% used [0x00000000d5580000,0x00000000d6e79a88,0x00000000d6e80000)
  from space 4096K, 99% used [0x00000000d7280000,0x00000000d767d810,0x00000000d7680000)
  to   space 4096K, 0% used [0x00000000d6e80000,0x00000000d6e80000,0x00000000d7280000)
 ParOldGen       total 68608K, used 1703K [0x0000000080000000, 0x0000000084300000, 0x00000000d5580000)
  object space 68608K, 2% used [0x0000000080000000,0x00000000801a9f20,0x0000000084300000)
 Metaspace       used 9415K, committed 9728K, reserved 1114112K
  class space    used 1007K, committed 1152K, reserved 1048576K
}
Event: 1.524 GC heap after
{Heap after GC invocations=3 (full 0):
 PSYoungGen      total 29696K, used 4090K [0x00000000d5580000, 0x00000000d7680000, 0x0000000100000000)
  eden space 25600K, 0% used [0x00000000d5580000,0x00000000d5580000,0x00000000d6e80000)
  from space 4096K, 99% used [0x00000000d6e80000,0x00000000d727ea70,0x00000000d7280000)
  to   space 4096K, 0% used [0x00000000d7280000,0x00000000d7280000,0x00000000d7680000)
 ParOldGen       total 68608K, used 4732K [0x0000000080000000, 0x0000000084300000, 0x00000000d5580000)
  object space 68608K, 6% used [0x0000000080000000,0x000000008049f1c8,0x0000000084300000)
 Metaspace       used 9415K, committed 9728K, reserved 1114112K
  class space    used 1007K, committed 1152K, reserved 1048576K
}
Event: 2.906 GC heap before
{Heap before GC invocations=4 (full 0):
 PSYoungGen      total 29696K, used 29690K [0x00000000d5580000, 0x00000000d7680000, 0x0000000100000000)
  eden space 25600K, 100% used [0x00000000d5580000,0x00000000d6e80000,0x00000000d6e80000)
  from space 4096K, 99% used [0x00000000d6e80000,0x00000000d727ea70,0x00000000d7280000)
  to   space 4096K, 0% used [0x00000000d7280000,0x00000000d7280000,0x00000000d7680000)
 ParOldGen       total 68608K, used 4732K [0x0000000080000000, 0x0000000084300000, 0x00000000d5580000)
  object space 68608K, 6% used [0x0000000080000000,0x000000008049f1c8,0x0000000084300000)
 Metaspace       used 12114K, committed 12480K, reserved 1114112K
  class space    used 1289K, committed 1472K, reserved 1048576K
}
Event: 2.910 GC heap after
{Heap after GC invocations=4 (full 0):
 PSYoungGen      total 29696K, used 4083K [0x00000000d5580000, 0x00000000d7680000, 0x0000000100000000)
  eden space 25600K, 0% used [0x00000000d5580000,0x00000000d5580000,0x00000000d6e80000)
  from space 4096K, 99% used [0x00000000d7280000,0x00000000d767cf28,0x00000000d7680000)
  to   space 4096K, 0% used [0x00000000d6e80000,0x00000000d6e80000,0x00000000d7280000)
 ParOldGen       total 68608K, used 6181K [0x0000000080000000, 0x0000000084300000, 0x00000000d5580000)
  object space 68608K, 9% used [0x0000000080000000,0x00000000806094d0,0x0000000084300000)
 Metaspace       used 12114K, committed 12480K, reserved 1114112K
  class space    used 1289K, committed 1472K, reserved 1048576K
}
Event: 3.321 GC heap before
{Heap before GC invocations=5 (full 0):
 PSYoungGen      total 29696K, used 29683K [0x00000000d5580000, 0x00000000d7680000, 0x0000000100000000)
  eden space 25600K, 100% used [0x00000000d5580000,0x00000000d6e80000,0x00000000d6e80000)
  from space 4096K, 99% used [0x00000000d7280000,0x00000000d767cf28,0x00000000d7680000)
  to   space 4096K, 0% used [0x00000000d6e80000,0x00000000d6e80000,0x00000000d7280000)
 ParOldGen       total 68608K, used 6181K [0x0000000080000000, 0x0000000084300000, 0x00000000d5580000)
  object space 68608K, 9% used [0x0000000080000000,0x00000000806094d0,0x0000000084300000)
 Metaspace       used 15064K, committed 15680K, reserved 1114112K
  class space    used 1541K, committed 1792K, reserved 1048576K
}
Event: 3.327 GC heap after
{Heap after GC invocations=5 (full 0):
 PSYoungGen      total 29184K, used 4094K [0x00000000d5580000, 0x00000000d7b00000, 0x0000000100000000)
  eden space 25088K, 0% used [0x00000000d5580000,0x00000000d5580000,0x00000000d6e00000)
  from space 4096K, 99% used [0x00000000d6e80000,0x00000000d727f878,0x00000000d7280000)
  to   space 6656K, 0% used [0x00000000d7480000,0x00000000d7480000,0x00000000d7b00000)
 ParOldGen       total 68608K, used 8221K [0x0000000080000000, 0x0000000084300000, 0x00000000d5580000)
  object space 68608K, 11% used [0x0000000080000000,0x0000000080807730,0x0000000084300000)
 Metaspace       used 15064K, committed 15680K, reserved 1114112K
  class space    used 1541K, committed 1792K, reserved 1048576K
}
Event: 3.760 GC heap before
{Heap before GC invocations=6 (full 0):
 PSYoungGen      total 29184K, used 29182K [0x00000000d5580000, 0x00000000d7b00000, 0x0000000100000000)
  eden space 25088K, 100% used [0x00000000d5580000,0x00000000d6e00000,0x00000000d6e00000)
  from space 4096K, 99% used [0x00000000d6e80000,0x00000000d727f878,0x00000000d7280000)
  to   space 6656K, 0% used [0x00000000d7480000,0x00000000d7480000,0x00000000d7b00000)
 ParOldGen       total 68608K, used 8221K [0x0000000080000000, 0x0000000084300000, 0x00000000d5580000)
  object space 68608K, 11% used [0x0000000080000000,0x0000000080807730,0x0000000084300000)
 Metaspace       used 18426K, committed 19200K, reserved 1114112K
  class space    used 1922K, committed 2240K, reserved 1048576K
}
Event: 3.763 GC heap after
{Heap after GC invocations=6 (full 0):
 PSYoungGen      total 29696K, used 5101K [0x00000000d5580000, 0x00000000d7980000, 0x0000000100000000)
  eden space 24576K, 0% used [0x00000000d5580000,0x00000000d5580000,0x00000000d6d80000)
  from space 5120K, 99% used [0x00000000d7480000,0x00000000d797b6c0,0x00000000d7980000)
  to   space 5632K, 0% used [0x00000000d6e80000,0x00000000d6e80000,0x00000000d7400000)
 ParOldGen       total 68608K, used 8229K [0x0000000080000000, 0x0000000084300000, 0x00000000d5580000)
  object space 68608K, 11% used [0x0000000080000000,0x0000000080809730,0x0000000084300000)
 Metaspace       used 18426K, committed 19200K, reserved 1114112K
  class space    used 1922K, committed 2240K, reserved 1048576K
}
Event: 3.988 GC heap before
{Heap before GC invocations=7 (full 0):
 PSYoungGen      total 29696K, used 24641K [0x00000000d5580000, 0x00000000d7980000, 0x0000000100000000)
  eden space 24576K, 79% used [0x00000000d5580000,0x00000000d6895060,0x00000000d6d80000)
  from space 5120K, 99% used [0x00000000d7480000,0x00000000d797b6c0,0x00000000d7980000)
  to   space 5632K, 0% used [0x00000000d6e80000,0x00000000d6e80000,0x00000000d7400000)
 ParOldGen       total 68608K, used 8229K [0x0000000080000000, 0x0000000084300000, 0x00000000d5580000)
  object space 68608K, 11% used [0x0000000080000000,0x0000000080809730,0x0000000084300000)
 Metaspace       used 20645K, committed 21504K, reserved 1114112K
  class space    used 2190K, committed 2560K, reserved 1048576K
}
Event: 3.992 GC heap after
{Heap after GC invocations=7 (full 0):
 PSYoungGen      total 28160K, used 3533K [0x00000000d5580000, 0x00000000d7680000, 0x0000000100000000)
  eden space 24576K, 0% used [0x00000000d5580000,0x00000000d5580000,0x00000000d6d80000)
  from space 3584K, 98% used [0x00000000d6e80000,0x00000000d71f36e0,0x00000000d7200000)
  to   space 4608K, 0% used [0x00000000d7200000,0x00000000d7200000,0x00000000d7680000)
 ParOldGen       total 68608K, used 9780K [0x0000000080000000, 0x0000000084300000, 0x00000000d5580000)
  object space 68608K, 14% used [0x0000000080000000,0x000000008098d290,0x0000000084300000)
 Metaspace       used 20645K, committed 21504K, reserved 1114112K
  class space    used 2190K, committed 2560K, reserved 1048576K
}
Event: 3.992 GC heap before
{Heap before GC invocations=8 (full 1):
 PSYoungGen      total 28160K, used 3533K [0x00000000d5580000, 0x00000000d7680000, 0x0000000100000000)
  eden space 24576K, 0% used [0x00000000d5580000,0x00000000d5580000,0x00000000d6d80000)
  from space 3584K, 98% used [0x00000000d6e80000,0x00000000d71f36e0,0x00000000d7200000)
  to   space 4608K, 0% used [0x00000000d7200000,0x00000000d7200000,0x00000000d7680000)
 ParOldGen       total 68608K, used 9780K [0x0000000080000000, 0x0000000084300000, 0x00000000d5580000)
  object space 68608K, 14% used [0x0000000080000000,0x000000008098d290,0x0000000084300000)
 Metaspace       used 20645K, committed 21504K, reserved 1114112K
  class space    used 2190K, committed 2560K, reserved 1048576K
}
Event: 4.016 GC heap after
{Heap after GC invocations=8 (full 1):
 PSYoungGen      total 28160K, used 0K [0x00000000d5580000, 0x00000000d7680000, 0x0000000100000000)
  eden space 24576K, 0% used [0x00000000d5580000,0x00000000d5580000,0x00000000d6d80000)
  from space 3584K, 0% used [0x00000000d6e80000,0x00000000d6e80000,0x00000000d7200000)
  to   space 4608K, 0% used [0x00000000d7200000,0x00000000d7200000,0x00000000d7680000)
 ParOldGen       total 68608K, used 12511K [0x0000000080000000, 0x0000000084300000, 0x00000000d5580000)
  object space 68608K, 18% used [0x0000000080000000,0x0000000080c37c60,0x0000000084300000)
 Metaspace       used 20632K, committed 21504K, reserved 1114112K
  class space    used 2186K, committed 2560K, reserved 1048576K
}
Event: 4.202 GC heap before
{Heap before GC invocations=9 (full 1):
 PSYoungGen      total 28160K, used 24576K [0x00000000d5580000, 0x00000000d7680000, 0x0000000100000000)
  eden space 24576K, 100% used [0x00000000d5580000,0x00000000d6d80000,0x00000000d6d80000)
  from space 3584K, 0% used [0x00000000d6e80000,0x00000000d6e80000,0x00000000d7200000)
  to   space 4608K, 0% used [0x00000000d7200000,0x00000000d7200000,0x00000000d7680000)
 ParOldGen       total 68608K, used 12511K [0x0000000080000000, 0x0000000084300000, 0x00000000d5580000)
  object space 68608K, 18% used [0x0000000080000000,0x0000000080c37c60,0x0000000084300000)
 Metaspace       used 22673K, committed 23552K, reserved 1114112K
  class space    used 2376K, committed 2752K, reserved 1048576K
}
Event: 4.204 GC heap after
{Heap after GC invocations=9 (full 1):
 PSYoungGen      total 27648K, used 3073K [0x00000000d5580000, 0x00000000d7580000, 0x0000000100000000)
  eden space 24064K, 0% used [0x00000000d5580000,0x00000000d5580000,0x00000000d6d00000)
  from space 3584K, 85% used [0x00000000d7200000,0x00000000d75004c8,0x00000000d7580000)
  to   space 3584K, 0% used [0x00000000d6e80000,0x00000000d6e80000,0x00000000d7200000)
 ParOldGen       total 68608K, used 12519K [0x0000000080000000, 0x0000000084300000, 0x00000000d5580000)
  object space 68608K, 18% used [0x0000000080000000,0x0000000080c39c60,0x0000000084300000)
 Metaspace       used 22673K, committed 23552K, reserved 1114112K
  class space    used 2376K, committed 2752K, reserved 1048576K
}
Event: 4.330 GC heap before
{Heap before GC invocations=10 (full 1):
 PSYoungGen      total 27648K, used 27137K [0x00000000d5580000, 0x00000000d7580000, 0x0000000100000000)
  eden space 24064K, 100% used [0x00000000d5580000,0x00000000d6d00000,0x00000000d6d00000)
  from space 3584K, 85% used [0x00000000d7200000,0x00000000d75004c8,0x00000000d7580000)
  to   space 3584K, 0% used [0x00000000d6e80000,0x00000000d6e80000,0x00000000d7200000)
 ParOldGen       total 68608K, used 12519K [0x0000000080000000, 0x0000000084300000, 0x00000000d5580000)
  object space 68608K, 18% used [0x0000000080000000,0x0000000080c39c60,0x0000000084300000)
 Metaspace       used 26326K, committed 27264K, reserved 1114112K
  class space    used 2634K, committed 3008K, reserved 1048576K
}
Event: 4.332 GC heap after
{Heap after GC invocations=10 (full 1):
 PSYoungGen      total 25088K, used 1360K [0x00000000d5580000, 0x00000000d7280000, 0x0000000100000000)
  eden space 23552K, 0% used [0x00000000d5580000,0x00000000d5580000,0x00000000d6c80000)
  from space 1536K, 88% used [0x00000000d6e80000,0x00000000d6fd43a0,0x00000000d7000000)
  to   space 2048K, 0% used [0x00000000d7080000,0x00000000d7080000,0x00000000d7280000)
 ParOldGen       total 68608K, used 12527K [0x0000000080000000, 0x0000000084300000, 0x00000000d5580000)
  object space 68608K, 18% used [0x0000000080000000,0x0000000080c3bc60,0x0000000084300000)
 Metaspace       used 26326K, committed 27264K, reserved 1114112K
  class space    used 2634K, committed 3008K, reserved 1048576K
}
Event: 4.480 GC heap before
{Heap before GC invocations=11 (full 1):
 PSYoungGen      total 25088K, used 24912K [0x00000000d5580000, 0x00000000d7280000, 0x0000000100000000)
  eden space 23552K, 100% used [0x00000000d5580000,0x00000000d6c80000,0x00000000d6c80000)
  from space 1536K, 88% used [0x00000000d6e80000,0x00000000d6fd43a0,0x00000000d7000000)
  to   space 2048K, 0% used [0x00000000d7080000,0x00000000d7080000,0x00000000d7280000)
 ParOldGen       total 68608K, used 12527K [0x0000000080000000, 0x0000000084300000, 0x00000000d5580000)
  object space 68608K, 18% used [0x0000000080000000,0x0000000080c3bc60,0x0000000084300000)
 Metaspace       used 27733K, committed 28608K, reserved 1114112K
  class space    used 2737K, committed 3072K, reserved 1048576K
}
Event: 4.483 GC heap after
{Heap after GC invocations=11 (full 1):
 PSYoungGen      total 25088K, used 1691K [0x00000000d5580000, 0x00000000d7280000, 0x0000000100000000)
  eden space 23040K, 0% used [0x00000000d5580000,0x00000000d5580000,0x00000000d6c00000)
  from space 2048K, 82% used [0x00000000d7080000,0x00000000d7226da0,0x00000000d7280000)
  to   space 2048K, 0% used [0x00000000d6e80000,0x00000000d6e80000,0x00000000d7080000)
 ParOldGen       total 68608K, used 14376K [0x0000000080000000, 0x0000000084300000, 0x00000000d5580000)
  object space 68608K, 20% used [0x0000000080000000,0x0000000080e0a058,0x0000000084300000)
 Metaspace       used 27733K, committed 28608K, reserved 1114112K
  class space    used 2737K, committed 3072K, reserved 1048576K
}

Dll operation events (10 events):
Event: 0.008 Loaded shared library c:\Users\lenovo\.vscode\extensions\redhat.java-1.47.0-win32-x64\jre\21.0.8-win32-x86_64\bin\java.dll
Event: 0.087 Loaded shared library c:\Users\lenovo\.vscode\extensions\redhat.java-1.47.0-win32-x64\jre\21.0.8-win32-x86_64\bin\zip.dll
Event: 0.110 Loaded shared library C:\Users\lenovo\.vscode\extensions\redhat.java-1.47.0-win32-x64\jre\21.0.8-win32-x86_64\bin\instrument.dll
Event: 0.114 Loaded shared library C:\Users\lenovo\.vscode\extensions\redhat.java-1.47.0-win32-x64\jre\21.0.8-win32-x86_64\bin\net.dll
Event: 0.117 Loaded shared library C:\Users\lenovo\.vscode\extensions\redhat.java-1.47.0-win32-x64\jre\21.0.8-win32-x86_64\bin\nio.dll
Event: 0.121 Loaded shared library C:\Users\lenovo\.vscode\extensions\redhat.java-1.47.0-win32-x64\jre\21.0.8-win32-x86_64\bin\zip.dll
Event: 0.137 Loaded shared library C:\Users\lenovo\.vscode\extensions\redhat.java-1.47.0-win32-x64\jre\21.0.8-win32-x86_64\bin\jimage.dll
Event: 0.196 Loaded shared library c:\Users\lenovo\.vscode\extensions\redhat.java-1.47.0-win32-x64\jre\21.0.8-win32-x86_64\bin\verify.dll
Event: 1.205 Loaded shared library C:\Users\lenovo\AppData\Roaming\Code\User\globalStorage\redhat.java\1.47.0\config_win\org.eclipse.equinox.launcher\org.eclipse.equinox.launcher.win32.win32.x86_64_1.2.1400.v20250801-0854\eclipse_11916.dll
Event: 3.543 Loaded shared library C:\Users\lenovo\AppData\Local\Temp\jna--1106355917\jna1302289045678617131.dll

Deoptimization events (20 events):
Event: 4.592 Thread 0x00000237fc0a86a0 DEOPT PACKING pc=0x00000237a8c6aacc sp=0x0000008c605fe1a0
Event: 4.592 Thread 0x00000237fc0a86a0 DEOPT UNPACKING pc=0x00000237a8616da2 sp=0x0000008c605fe128 mode 2
Event: 4.592 Thread 0x00000237fc0a86a0 Uncommon trap: trap_request=0xffffffc6 fr.pc=0x00000237a8c6aacc relative=0x0000000000000f6c
Event: 4.592 Thread 0x00000237fc0a86a0 Uncommon trap: reason=bimorphic_or_optimized_type_check action=maybe_recompile pc=0x00000237a8c6aacc method=java.util.Properties$LineReader.readLine()I @ 479 c2
Event: 4.592 Thread 0x00000237fc0a86a0 DEOPT PACKING pc=0x00000237a8c6aacc sp=0x0000008c605fe1a0
Event: 4.592 Thread 0x00000237fc0a86a0 DEOPT UNPACKING pc=0x00000237a8616da2 sp=0x0000008c605fe128 mode 2
Event: 4.593 Thread 0x00000237fc0a86a0 DEOPT PACKING pc=0x00000237a11538ee sp=0x0000008c605fe0b0
Event: 4.593 Thread 0x00000237fc0a86a0 DEOPT UNPACKING pc=0x00000237a86178e2 sp=0x0000008c605fd630 mode 0
Event: 4.608 Thread 0x00000237fc0a86a0 Uncommon trap: trap_request=0xffffff45 fr.pc=0x00000237a8d47a70 relative=0x0000000000001e50
Event: 4.608 Thread 0x00000237fc0a86a0 Uncommon trap: reason=unstable_if action=reinterpret pc=0x00000237a8d47a70 method=sun.nio.fs.WindowsPathParser.nextNonSlash(Ljava/lang/String;II)I @ 2 c2
Event: 4.608 Thread 0x00000237fc0a86a0 DEOPT PACKING pc=0x00000237a8d47a70 sp=0x0000008c605fd210
Event: 4.608 Thread 0x00000237fc0a86a0 DEOPT UNPACKING pc=0x00000237a8616da2 sp=0x0000008c605fd190 mode 2
Event: 4.610 Thread 0x00000237fc0a86a0 Uncommon trap: trap_request=0xffffffc6 fr.pc=0x00000237a8ca0b18 relative=0x0000000000000cb8
Event: 4.610 Thread 0x00000237fc0a86a0 Uncommon trap: reason=bimorphic_or_optimized_type_check action=maybe_recompile pc=0x00000237a8ca0b18 method=java.io.BufferedInputStream.implRead([BII)I @ 100 c2
Event: 4.610 Thread 0x00000237fc0a86a0 DEOPT PACKING pc=0x00000237a8ca0b18 sp=0x0000008c605fdcc0
Event: 4.611 Thread 0x00000237fc0a86a0 DEOPT UNPACKING pc=0x00000237a8616da2 sp=0x0000008c605fdbf8 mode 2
Event: 4.635 Thread 0x00000237f7dd5f40 Uncommon trap: trap_request=0xffffff45 fr.pc=0x00000237a8cb0854 relative=0x00000000000002f4
Event: 4.635 Thread 0x00000237f7dd5f40 Uncommon trap: reason=unstable_if action=reinterpret pc=0x00000237a8cb0854 method=java.util.Properties.getProperty(Ljava/lang/String;)Ljava/lang/String; @ 36 c2
Event: 4.635 Thread 0x00000237f7dd5f40 DEOPT PACKING pc=0x00000237a8cb0854 sp=0x0000008c5fffe030
Event: 4.635 Thread 0x00000237f7dd5f40 DEOPT UNPACKING pc=0x00000237a8616da2 sp=0x0000008c5fffdfd8 mode 2

Classes loaded (20 events):
Event: 4.646 Loading class com/sun/org/apache/xml/internal/serializer/EncodingInfo
Event: 4.646 Loading class com/sun/org/apache/xml/internal/serializer/EncodingInfo done
Event: 4.646 Loading class com/sun/org/apache/xml/internal/serializer/ToStream$CharacterBuffer
Event: 4.646 Loading class com/sun/org/apache/xml/internal/serializer/ToStream$CharacterBuffer done
Event: 4.646 Loading class com/sun/org/apache/xml/internal/serializer/Encodings
Event: 4.646 Loading class com/sun/org/apache/xml/internal/serializer/Encodings done
Event: 4.646 Loading class com/sun/org/apache/xml/internal/serializer/Encodings$EncodingInfos
Event: 4.646 Loading class com/sun/org/apache/xml/internal/serializer/Encodings$EncodingInfos done
Event: 4.648 Loading class java/nio/charset/Charset$ExtendedProviderHolder
Event: 4.648 Loading class java/nio/charset/Charset$ExtendedProviderHolder done
Event: 4.648 Loading class java/nio/charset/Charset$ExtendedProviderHolder$1
Event: 4.648 Loading class java/nio/charset/Charset$ExtendedProviderHolder$1 done
Event: 4.654 Loading class java/nio/charset/Charset$ThreadTrackHolder
Event: 4.654 Loading class java/nio/charset/Charset$ThreadTrackHolder done
Event: 4.654 Loading class java/nio/charset/Charset$2
Event: 4.655 Loading class java/nio/charset/Charset$2 done
Event: 4.655 Loading class java/nio/charset/Charset$1
Event: 4.655 Loading class java/nio/charset/Charset$1 done
Event: 4.660 Loading class sun/nio/cs/ISO_8859_13
Event: 4.660 Loading class sun/nio/cs/ISO_8859_13 done

Classes unloaded (7 events):
Event: 3.996 Thread 0x000002379df4a140 Unloading class 0x00000237b61ac800 'java/lang/invoke/LambdaForm$MH+0x00000237b61ac800'
Event: 3.996 Thread 0x000002379df4a140 Unloading class 0x00000237b61ac400 'java/lang/invoke/LambdaForm$MH+0x00000237b61ac400'
Event: 3.996 Thread 0x000002379df4a140 Unloading class 0x00000237b61ac000 'java/lang/invoke/LambdaForm$MH+0x00000237b61ac000'
Event: 3.996 Thread 0x000002379df4a140 Unloading class 0x00000237b61abc00 'java/lang/invoke/LambdaForm$MH+0x00000237b61abc00'
Event: 3.996 Thread 0x000002379df4a140 Unloading class 0x00000237b61ab800 'java/lang/invoke/LambdaForm$BMH+0x00000237b61ab800'
Event: 3.996 Thread 0x000002379df4a140 Unloading class 0x00000237b61ab400 'java/lang/invoke/LambdaForm$DMH+0x00000237b61ab400'
Event: 3.996 Thread 0x000002379df4a140 Unloading class 0x00000237b61aa000 'java/lang/invoke/LambdaForm$DMH+0x00000237b61aa000'

Classes redefined (0 events):
No events

Internal exceptions (20 events):
Event: 4.627 Thread 0x00000237fc0a86a0 Exception <a 'sun/nio/fs/WindowsException'{0x00000000d6461eb0}> (0x00000000d6461eb0) 
thrown [s\src\hotspot\share\prims\jni.cpp, line 520]
Event: 4.629 Thread 0x00000237fc0a86a0 Exception <a 'java/lang/NoSuchMethodError'{0x00000000d6477c98}: 'void java.lang.invoke.DirectMethodHandle$Holder.invokeVirtual(java.lang.Object, java.lang.Object, java.lang.Object, java.lang.Object)'> (0x00000000d6477c98) 
thrown [s\src\hotspot\share\interpreter\linkResolver.cpp, line 773]
Event: 4.632 Thread 0x00000237fc0a86a0 Exception <a 'sun/nio/fs/WindowsException'{0x00000000d65148d8}> (0x00000000d65148d8) 
thrown [s\src\hotspot\share\prims\jni.cpp, line 520]
Event: 4.632 Thread 0x00000237fc0a86a0 Exception <a 'sun/nio/fs/WindowsException'{0x00000000d65153e0}> (0x00000000d65153e0) 
thrown [s\src\hotspot\share\prims\jni.cpp, line 520]
Event: 4.633 Thread 0x00000237fc0a86a0 Exception <a 'sun/nio/fs/WindowsException'{0x00000000d651f2e8}> (0x00000000d651f2e8) 
thrown [s\src\hotspot\share\prims\jni.cpp, line 520]
Event: 4.633 Thread 0x00000237fc0a86a0 Exception <a 'sun/nio/fs/WindowsException'{0x00000000d651fce8}> (0x00000000d651fce8) 
thrown [s\src\hotspot\share\prims\jni.cpp, line 520]
Event: 4.634 Thread 0x00000237fc0a86a0 Exception <a 'sun/nio/fs/WindowsException'{0x00000000d65253e0}> (0x00000000d65253e0) 
thrown [s\src\hotspot\share\prims\jni.cpp, line 520]
Event: 4.634 Thread 0x00000237fc0a86a0 Exception <a 'sun/nio/fs/WindowsException'{0x00000000d6525ee8}> (0x00000000d6525ee8) 
thrown [s\src\hotspot\share\prims\jni.cpp, line 520]
Event: 4.634 Thread 0x00000237fc0a86a0 Exception <a 'sun/nio/fs/WindowsException'{0x00000000d65290c0}> (0x00000000d65290c0) 
thrown [s\src\hotspot\share\prims\jni.cpp, line 520]
Event: 4.634 Thread 0x00000237fc0a86a0 Exception <a 'sun/nio/fs/WindowsException'{0x00000000d6529d58}> (0x00000000d6529d58) 
thrown [s\src\hotspot\share\prims\jni.cpp, line 520]
Event: 4.635 Thread 0x00000237fc0a86a0 Exception <a 'sun/nio/fs/WindowsException'{0x00000000d653a0b0}> (0x00000000d653a0b0) 
thrown [s\src\hotspot\share\prims\jni.cpp, line 520]
Event: 4.635 Thread 0x00000237fc0a86a0 Exception <a 'sun/nio/fs/WindowsException'{0x00000000d653a908}> (0x00000000d653a908) 
thrown [s\src\hotspot\share\prims\jni.cpp, line 520]
Event: 4.637 Thread 0x00000237fc0a86a0 Exception <a 'sun/nio/fs/WindowsException'{0x00000000d6541028}> (0x00000000d6541028) 
thrown [s\src\hotspot\share\prims\jni.cpp, line 520]
Event: 4.637 Thread 0x00000237fc0a86a0 Exception <a 'sun/nio/fs/WindowsException'{0x00000000d6541778}> (0x00000000d6541778) 
thrown [s\src\hotspot\share\prims\jni.cpp, line 520]
Event: 4.643 Thread 0x00000237f7dd5f40 Exception <a 'java/lang/ClassNotFoundException'{0x00000000d6586de0}: com/sun/org/apache/xml/internal/serializer/spi/XMLEntitiesProvider> (0x00000000d6586de0) 
thrown [s\src\hotspot\share\classfile\systemDictionary.cpp, line 312]
Event: 4.644 Thread 0x00000237fc0a86a0 Exception <a 'sun/nio/fs/WindowsException'{0x00000000d65f83c8}> (0x00000000d65f83c8) 
thrown [s\src\hotspot\share\prims\jni.cpp, line 520]
Event: 4.644 Thread 0x00000237fc0a86a0 Exception <a 'sun/nio/fs/WindowsException'{0x00000000d65f8ed0}> (0x00000000d65f8ed0) 
thrown [s\src\hotspot\share\prims\jni.cpp, line 520]
Event: 4.649 Thread 0x00000237fc0a86a0 Exception <a 'sun/nio/fs/WindowsException'{0x00000000d66aeed8}> (0x00000000d66aeed8) 
thrown [s\src\hotspot\share\prims\jni.cpp, line 520]
Event: 4.650 Thread 0x00000237fc0a86a0 Exception <a 'sun/nio/fs/WindowsException'{0x00000000d66af9c0}> (0x00000000d66af9c0) 
thrown [s\src\hotspot\share\prims\jni.cpp, line 520]
Event: 4.653 Thread 0x00000237fc0a86a0 Exception <a 'java/io/FileNotFoundException'{0x00000000d66e1460}> (0x00000000d66e1460) 
thrown [s\src\hotspot\share\prims\jni.cpp, line 520]

ZGC Phase Switch (0 events):
No events

VM Operations (20 events):
Event: 3.736 Executing VM operation: HandshakeAllThreads (Deoptimize)
Event: 3.736 Executing VM operation: HandshakeAllThreads (Deoptimize) done
Event: 3.760 Executing VM operation: ParallelGCFailedAllocation (Allocation Failure)
Event: 3.763 Executing VM operation: ParallelGCFailedAllocation (Allocation Failure) done
Event: 3.973 Executing VM operation: HandshakeAllThreads (Deoptimize)
Event: 3.973 Executing VM operation: HandshakeAllThreads (Deoptimize) done
Event: 3.988 Executing VM operation: CollectForMetadataAllocation (Metadata GC Threshold)
Event: 4.016 Executing VM operation: CollectForMetadataAllocation (Metadata GC Threshold) done
Event: 4.202 Executing VM operation: ParallelGCFailedAllocation (Allocation Failure)
Event: 4.204 Executing VM operation: ParallelGCFailedAllocation (Allocation Failure) done
Event: 4.330 Executing VM operation: ParallelGCFailedAllocation (Allocation Failure)
Event: 4.332 Executing VM operation: ParallelGCFailedAllocation (Allocation Failure) done
Event: 4.480 Executing VM operation: ParallelGCFailedAllocation (Allocation Failure)
Event: 4.483 Executing VM operation: ParallelGCFailedAllocation (Allocation Failure) done
Event: 4.559 Executing VM operation: HandshakeAllThreads (Deoptimize)
Event: 4.559 Executing VM operation: HandshakeAllThreads (Deoptimize) done
Event: 4.641 Executing VM operation: HandshakeAllThreads (Deoptimize)
Event: 4.641 Executing VM operation: HandshakeAllThreads (Deoptimize) done
Event: 4.645 Executing VM operation: HandshakeAllThreads (Deoptimize)
Event: 4.645 Executing VM operation: HandshakeAllThreads (Deoptimize) done

Memory protections (0 events):
No events

Nmethod flushes (0 events):
No events

Events (20 events):
Event: 0.296 Thread 0x000002379dea92e0 Thread added: 0x00000237f75a4e80
Event: 0.446 Thread 0x00000237b49282b0 Thread added: 0x00000237f76e0f60
Event: 1.001 Thread 0x000002379dea92e0 Thread added: 0x00000237f7cfa090
Event: 1.197 Thread 0x000002379dea92e0 Thread added: 0x00000237f7cdcfe0
Event: 1.236 Thread 0x00000237f7cdcfe0 Thread added: 0x00000237f7dd5510
Event: 1.239 Thread 0x000002379dea92e0 Thread added: 0x00000237f7dd5f40
Event: 1.568 Thread 0x00000237f7dd5f40 Thread added: 0x00000237fc7750b0
Event: 1.885 Thread 0x00000237f76e0f60 Thread exited: 0x00000237f76e0f60
Event: 1.885 Thread 0x00000237f747a580 Thread exited: 0x00000237f747a580
Event: 1.975 Thread 0x00000237b49282b0 Thread added: 0x00000237f76e0f60
Event: 2.583 Thread 0x00000237f76e0f60 Thread exited: 0x00000237f76e0f60
Event: 2.823 Thread 0x00000237f7dd5f40 Thread added: 0x00000237fc0bac50
Event: 3.153 Thread 0x00000237b49282b0 Thread added: 0x00000237fc21ff60
Event: 3.236 Thread 0x00000237f7dd5f40 Thread added: 0x00000237fc0a6c60
Event: 3.433 Thread 0x00000237b49282b0 Thread added: 0x00000237fc6ba4f0
Event: 3.570 Thread 0x00000237f7dd5f40 Thread added: 0x00000237fc0a8010
Event: 3.607 Thread 0x00000237f7dd5f40 Thread added: 0x00000237fc0a7980
Event: 3.641 Thread 0x00000237f7dd5f40 Thread added: 0x00000237fc0a86a0
Event: 3.842 Thread 0x00000237fc0a86a0 Thread added: 0x00000237fc0a93c0
Event: 4.537 Thread 0x00000237f7dd5f40 Thread added: 0x00000237fc0a9a50


Dynamic libraries:
0x00007ff6f7570000 - 0x00007ff6f757e000 	c:\Users\lenovo\.vscode\extensions\redhat.java-1.47.0-win32-x64\jre\21.0.8-win32-x86_64\bin\java.exe
0x00007ff94b110000 - 0x00007ff94b327000 	C:\WINDOWS\SYSTEM32\ntdll.dll
0x00007ff8e8480000 - 0x00007ff8e84a0000 	C:\Program Files\Avast Software\Avast\aswhook.dll
0x00007ff949c80000 - 0x00007ff949d44000 	C:\WINDOWS\System32\KERNEL32.DLL
0x00007ff948200000 - 0x00007ff9485d2000 	C:\WINDOWS\System32\KERNELBASE.dll
0x00007ff948c20000 - 0x00007ff948d31000 	C:\WINDOWS\System32\ucrtbase.dll
0x00007ff8f1d70000 - 0x00007ff8f1d8e000 	c:\Users\lenovo\.vscode\extensions\redhat.java-1.47.0-win32-x64\jre\21.0.8-win32-x86_64\bin\VCRUNTIME140.dll
0x00007ff8f0090000 - 0x00007ff8f00a8000 	c:\Users\lenovo\.vscode\extensions\redhat.java-1.47.0-win32-x64\jre\21.0.8-win32-x86_64\bin\jli.dll
0x00007ff94a4f0000 - 0x00007ff94a6a1000 	C:\WINDOWS\System32\USER32.dll
0x00007ff948d40000 - 0x00007ff948d66000 	C:\WINDOWS\System32\win32u.dll
0x00007ff930920000 - 0x00007ff930bbb000 	C:\WINDOWS\WinSxS\amd64_microsoft.windows.common-controls_6595b64144ccf1df_6.0.22621.5547_none_27104afb73855772\COMCTL32.dll
0x00007ff94a440000 - 0x00007ff94a469000 	C:\WINDOWS\System32\GDI32.dll
0x00007ff94a270000 - 0x00007ff94a317000 	C:\WINDOWS\System32\msvcrt.dll
0x00007ff9487a0000 - 0x00007ff9488c3000 	C:\WINDOWS\System32\gdi32full.dll
0x00007ff948950000 - 0x00007ff9489ea000 	C:\WINDOWS\System32\msvcp_win.dll
0x00007ff94af60000 - 0x00007ff94af91000 	C:\WINDOWS\System32\IMM32.DLL
0x00007ff92f050000 - 0x00007ff92f05c000 	c:\Users\lenovo\.vscode\extensions\redhat.java-1.47.0-win32-x64\jre\21.0.8-win32-x86_64\bin\vcruntime140_1.dll
0x00007ff870e60000 - 0x00007ff870eed000 	c:\Users\lenovo\.vscode\extensions\redhat.java-1.47.0-win32-x64\jre\21.0.8-win32-x86_64\bin\msvcp140.dll
0x00007ff84f9e0000 - 0x00007ff850777000 	c:\Users\lenovo\.vscode\extensions\redhat.java-1.47.0-win32-x64\jre\21.0.8-win32-x86_64\bin\server\jvm.dll
0x00007ff94b010000 - 0x00007ff94b0c1000 	C:\WINDOWS\System32\ADVAPI32.dll
0x00007ff949bd0000 - 0x00007ff949c78000 	C:\WINDOWS\System32\sechost.dll
0x00007ff948d70000 - 0x00007ff948d98000 	C:\WINDOWS\System32\bcrypt.dll
0x00007ff94a320000 - 0x00007ff94a434000 	C:\WINDOWS\System32\RPCRT4.dll
0x00007ff94a470000 - 0x00007ff94a4e1000 	C:\WINDOWS\System32\WS2_32.dll
0x00007ff9480d0000 - 0x00007ff94811d000 	C:\WINDOWS\SYSTEM32\POWRPROF.dll
0x00007ff93cbe0000 - 0x00007ff93cbea000 	C:\WINDOWS\SYSTEM32\VERSION.dll
0x00007ff9400c0000 - 0x00007ff9400f4000 	C:\WINDOWS\SYSTEM32\WINMM.dll
0x00007ff9480b0000 - 0x00007ff9480c3000 	C:\WINDOWS\SYSTEM32\UMPDC.dll
0x00007ff9471f0000 - 0x00007ff947208000 	C:\WINDOWS\SYSTEM32\kernel.appcore.dll
0x00007ff92e010000 - 0x00007ff92e01a000 	c:\Users\lenovo\.vscode\extensions\redhat.java-1.47.0-win32-x64\jre\21.0.8-win32-x86_64\bin\jimage.dll
0x00007ff945b00000 - 0x00007ff945d33000 	C:\WINDOWS\SYSTEM32\DBGHELP.DLL
0x00007ff949d50000 - 0x00007ff94a0e3000 	C:\WINDOWS\System32\combase.dll
0x00007ff949af0000 - 0x00007ff949bc7000 	C:\WINDOWS\System32\OLEAUT32.dll
0x00007ff93a960000 - 0x00007ff93a992000 	C:\WINDOWS\SYSTEM32\dbgcore.DLL
0x00007ff9488d0000 - 0x00007ff94894b000 	C:\WINDOWS\System32\bcryptPrimitives.dll
0x00007ff92df80000 - 0x00007ff92df8f000 	c:\Users\lenovo\.vscode\extensions\redhat.java-1.47.0-win32-x64\jre\21.0.8-win32-x86_64\bin\instrument.dll
0x00007ff8eee70000 - 0x00007ff8eee8f000 	c:\Users\lenovo\.vscode\extensions\redhat.java-1.47.0-win32-x64\jre\21.0.8-win32-x86_64\bin\java.dll
0x00007ff949160000 - 0x00007ff949a02000 	C:\WINDOWS\System32\SHELL32.dll
0x00007ff948660000 - 0x00007ff94879f000 	C:\WINDOWS\System32\wintypes.dll
0x00007ff9460e0000 - 0x00007ff9469fd000 	C:\WINDOWS\SYSTEM32\windows.storage.dll
0x00007ff948f40000 - 0x00007ff94904c000 	C:\WINDOWS\System32\SHCORE.dll
0x00007ff94afa0000 - 0x00007ff94b009000 	C:\WINDOWS\System32\shlwapi.dll
0x00007ff948130000 - 0x00007ff94815b000 	C:\WINDOWS\SYSTEM32\profapi.dll
0x00007ff8e7f60000 - 0x00007ff8e7f78000 	c:\Users\lenovo\.vscode\extensions\redhat.java-1.47.0-win32-x64\jre\21.0.8-win32-x86_64\bin\zip.dll
0x00007ff92b460000 - 0x00007ff92b470000 	C:\Users\lenovo\.vscode\extensions\redhat.java-1.47.0-win32-x64\jre\21.0.8-win32-x86_64\bin\net.dll
0x00007ff941300000 - 0x00007ff94142c000 	C:\WINDOWS\SYSTEM32\WINHTTP.dll
0x00007ff947660000 - 0x00007ff9476c9000 	C:\WINDOWS\system32\mswsock.dll
0x00007ff8e7f40000 - 0x00007ff8e7f56000 	C:\Users\lenovo\.vscode\extensions\redhat.java-1.47.0-win32-x64\jre\21.0.8-win32-x86_64\bin\nio.dll
0x00007ff923e50000 - 0x00007ff923e60000 	c:\Users\lenovo\.vscode\extensions\redhat.java-1.47.0-win32-x64\jre\21.0.8-win32-x86_64\bin\verify.dll
0x00007ff8db200000 - 0x00007ff8db244000 	C:\Users\lenovo\AppData\Roaming\Code\User\globalStorage\redhat.java\1.47.0\config_win\org.eclipse.equinox.launcher\org.eclipse.equinox.launcher.win32.win32.x86_64_1.2.1400.v20250801-0854\eclipse_11916.dll
0x00007ff948da0000 - 0x00007ff948f40000 	C:\WINDOWS\System32\ole32.dll
0x00007ff9479b0000 - 0x00007ff9479cb000 	C:\WINDOWS\SYSTEM32\CRYPTSP.dll
0x00007ff947150000 - 0x00007ff947187000 	C:\WINDOWS\system32\rsaenh.dll
0x00007ff947700000 - 0x00007ff947728000 	C:\WINDOWS\SYSTEM32\USERENV.dll
0x00007ff947990000 - 0x00007ff94799c000 	C:\WINDOWS\SYSTEM32\CRYPTBASE.dll
0x00007ff946c50000 - 0x00007ff946c7d000 	C:\WINDOWS\SYSTEM32\IPHLPAPI.DLL
0x00007ff94a100000 - 0x00007ff94a109000 	C:\WINDOWS\System32\NSI.dll
0x00007ff894cb0000 - 0x00007ff894cf9000 	C:\Users\lenovo\AppData\Local\Temp\jna--1106355917\jna1302289045678617131.dll
0x00007ff94a0f0000 - 0x00007ff94a0f8000 	C:\WINDOWS\System32\PSAPI.DLL

JVMTI agents:
c:\Users\lenovo\.vscode\extensions\redhat.java-1.47.0-win32-x64\lombok\lombok-1.18.39-4050.jar path:c:\Users\lenovo\.vscode\extensions\redhat.java-1.47.0-win32-x64\jre\21.0.8-win32-x86_64\bin\instrument.dll, loaded, initialized, instrumentlib options:none

dbghelp: loaded successfully - version: 4.0.5 - missing functions: none
symbol engine: initialized successfully - sym options: 0x614 - pdb path: .;c:\Users\lenovo\.vscode\extensions\redhat.java-1.47.0-win32-x64\jre\21.0.8-win32-x86_64\bin;C:\WINDOWS\SYSTEM32;C:\Program Files\Avast Software\Avast;C:\WINDOWS\WinSxS\amd64_microsoft.windows.common-controls_6595b64144ccf1df_6.0.22621.5547_none_27104afb73855772;c:\Users\lenovo\.vscode\extensions\redhat.java-1.47.0-win32-x64\jre\21.0.8-win32-x86_64\bin\server;C:\Users\lenovo\AppData\Roaming\Code\User\globalStorage\redhat.java\1.47.0\config_win\org.eclipse.equinox.launcher\org.eclipse.equinox.launcher.win32.win32.x86_64_1.2.1400.v20250801-0854;C:\Users\lenovo\AppData\Local\Temp\jna--1106355917

VM Arguments:
jvm_args: --add-modules=ALL-SYSTEM --add-opens=java.base/java.util=ALL-UNNAMED --add-opens=java.base/java.lang=ALL-UNNAMED --add-opens=java.base/sun.nio.fs=ALL-UNNAMED -Declipse.application=org.eclipse.jdt.ls.core.id1 -Dosgi.bundles.defaultStartLevel=4 -Declipse.product=org.eclipse.jdt.ls.core.product -Djava.import.generatesMetadataFilesAtProjectRoot=false -DDetectVMInstallationsJob.disabled=true -Dfile.encoding=utf8 -XX:+UseParallelGC -XX:GCTimeRatio=4 -XX:AdaptiveSizePolicyWeight=90 -Dsun.zip.disableMemoryMapping=true -Xmx2G -Xms100m -Xlog:disable -javaagent:c:\Users\lenovo\.vscode\extensions\redhat.java-1.47.0-win32-x64\lombok\lombok-1.18.39-4050.jar -XX:+HeapDumpOnOutOfMemoryError -XX:HeapDumpPath=c:\Users\lenovo\AppData\Roaming\Code\User\workspaceStorage\37a2484355d80f0849324906869140cf\redhat.java -Daether.dependencyCollector.impl=bf 
java_command: c:\Users\lenovo\.vscode\extensions\redhat.java-1.47.0-win32-x64\server\plugins\org.eclipse.equinox.launcher_1.7.100.v20251014-1222.jar -configuration c:\Users\lenovo\AppData\Roaming\Code\User\globalStorage\redhat.java\1.47.0\config_win -data c:\Users\lenovo\AppData\Roaming\Code\User\workspaceStorage\37a2484355d80f0849324906869140cf\redhat.java\jdt_ws --pipe=\\.\pipe\lsp-485012b23a97662d129f754c737256a1-sock
java_class_path (initial): c:\Users\lenovo\.vscode\extensions\redhat.java-1.47.0-win32-x64\server\plugins\org.eclipse.equinox.launcher_1.7.100.v20251014-1222.jar
Launcher Type: SUN_STANDARD

[Global flags]
    uintx AdaptiveSizePolicyWeight                 = 90                                        {product} {command line}
     intx CICompilerCount                          = 4                                         {product} {ergonomic}
    uintx GCTimeRatio                              = 4                                         {product} {command line}
     bool HeapDumpOnOutOfMemoryError               = true                                   {manageable} {command line}
    ccstr HeapDumpPath                             = c:\Users\lenovo\AppData\Roaming\Code\User\workspaceStorage\37a2484355d80f0849324906869140cf\redhat.java         {manageable} {command line}
   size_t InitialHeapSize                          = 104857600                                 {product} {command line}
   size_t MaxHeapSize                              = 2147483648                                {product} {command line}
   size_t MaxNewSize                               = 715653120                                 {product} {ergonomic}
   size_t MinHeapDeltaBytes                        = 524288                                    {product} {ergonomic}
   size_t MinHeapSize                              = 104857600                                 {product} {command line}
   size_t NewSize                                  = 34603008                                  {product} {ergonomic}
    uintx NonNMethodCodeHeapSize                   = 5839372                                {pd product} {ergonomic}
    uintx NonProfiledCodeHeapSize                  = 122909434                              {pd product} {ergonomic}
   size_t OldSize                                  = 70254592                                  {product} {ergonomic}
    uintx ProfiledCodeHeapSize                     = 122909434                              {pd product} {ergonomic}
    uintx ReservedCodeCacheSize                    = 251658240                              {pd product} {ergonomic}
     bool SegmentedCodeCache                       = true                                      {product} {ergonomic}
   size_t SoftMaxHeapSize                          = 2147483648                             {manageable} {ergonomic}
     bool UseCompressedOops                        = true                           {product lp64_product} {ergonomic}
     bool UseLargePagesIndividualAllocation        = false                                  {pd product} {ergonomic}
     bool UseParallelGC                            = true                                      {product} {command line}

Logging:
Log output configuration:
 #0: stdout all=off uptime,level,tags foldmultilines=false
 #1: stderr all=off uptime,level,tags foldmultilines=false

Environment Variables:
JAVA_HOME=C:\Users\lenovo\Downloads\jdk-21_windows-x64_bin\jdk-21.0.8
PATH=C:\Users\lenovo\AppData\Local\Programs\Python\Python313\Scripts\;C:\Users\lenovo\AppData\Local\Programs\Python\Python313\;C:\Program Files\Java\jdk-17\bin\;C:\Program Files (x86)\VMware\VMware Workstation\bin\;C:\WINDOWS\system32;C:\WINDOWS;C:\WINDOWS\System32\Wbem;C:\WINDOWS\System32\WindowsPowerShell\v1.0\;C:\WINDOWS\System32\OpenSSH\;C:\Program Files (x86)\Microsoft SQL Server\160\DTS\Binn\;C:\Program Files\Microsoft SQL Server\Client SDK\ODBC\170\Tools\Binn\;C:\Program Files (x86)\Microsoft SQL Server\150\Tools\Binn\;C:\Program Files\Microsoft SQL Server\150\Tools\Binn\;C:\Program Files\Microsoft SQL Server\150\DTS\Binn\;C:\Program Files (x86)\Microsoft SQL Server\160\Tools\Binn\;C:\Program Files\Microsoft SQL Server\160\Tools\Binn\;C:\Program Files\Microsoft SQL Server\160\DTS\Binn\;C:\Program Files\Microsoft SQL Server\130\Tools\Binn\;C:\Program Files (x86)\Microsoft SQL Server\110\DTS\Binn\;C:\Program Files (x86)\Microsoft SQL Server\120\DTS\Binn\;C:\Program Files (x86)\Microsoft SQL Server\130\DTS\Binn\;C:\Program Files (x86)\Microsoft SQL Server\140\DTS\Binn\;C:\Program Files (x86)\Microsoft SQL Server\150\DTS\Binn\;C:\Program Files\Git\cmd;C:\Program Files\MongoDB\mongosh-2.5.0-win32-x64\bin;C:\Program Files\MongoDB\Tools\100\bin;C:\ProgramData\chocolatey\bin;C:\Program Files\nodejs\;C:\Program Files\dotnet\;C:\Users\lenovo\Downloads\ffmpeg-7.1.1-essentials_build\ffmpeg-7.1.1-essentials_build\bin; C:\Users\lenovo\Downloads\apache-maven-3.9.11-bin\apache-maven-3.9.11\bin;;C:\Program Files\Docker\Docker\resources\bin;C:\Users\lenovo\.cargo\bin;C:\Users\lenovo\AppData\Local\Microsoft\WindowsApps;C:\Users\lenovo\AppData\Local\Programs\Microsoft VS Code\bin;C:\Users\lenovo\AppData\Local\Programs\Windsurf\bin;C:\Users\lenovo\AppData\Roaming\npm
USERNAME=lenovo
OS=Windows_NT
PROCESSOR_IDENTIFIER=Intel64 Family 6 Model 140 Stepping 1, GenuineIntel
TMP=C:\Users\lenovo\AppData\Local\Temp
TEMP=C:\Users\lenovo\AppData\Local\Temp




Periodic native trim disabled

---------------  S Y S T E M  ---------------

OS:
 Windows 11 , 64 bit Build 22621 (10.0.22621.5415)
OS uptime: 1 days 23:26 hours
Hyper-V role detected

CPU: total 8 (initial active 8) (4 cores per cpu, 2 threads per core) family 6 model 140 stepping 1 microcode 0xa4, cx8, cmov, fxsr, ht, mmx, 3dnowpref, sse, sse2, sse3, ssse3, sse4.1, sse4.2, popcnt, lzcnt, tsc, tscinvbit, avx, avx2, aes, erms, clmul, bmi1, bmi2, adx, avx512f, avx512dq, avx512cd, avx512bw, avx512vl, sha, fma, vzeroupper, avx512_vpopcntdq, avx512_vpclmulqdq, avx512_vaes, avx512_vnni, clflush, clflushopt, clwb, avx512_vbmi2, avx512_vbmi, hv, rdtscp, rdpid, fsrm, gfni, avx512_bitalg, f16c, cet_ibt, cet_ss, avx512_ifma
Processor Information for the first 8 processors :
  Max Mhz: 2611, Current Mhz: 1104, Mhz Limit: 1096

Memory: 4k page, system-wide physical 16087M (2845M free)
TotalPageFile size 19722M (AvailPageFile size 16M)
current process WorkingSet (physical memory assigned to process): 181M, peak: 181M
current process commit charge ("private bytes"): 310M, peak: 310M

vm_info: OpenJDK 64-Bit Server VM (21.0.8+9-LTS) for windows-amd64 JRE (21.0.8+9-LTS), built on 2025-07-15T00:00:00Z by "admin" with MS VC++ 17.7 (VS2022)

END.
